Using pre-set license
<<<<<<< Updated upstream
Built from '2021.3/staging' branch; Version is '2021.3.26f1 (a16dc32e0ff2) revision 10579395'; Using compiler version '192829333'; Build Type 'Release'
OS: 'Windows 11  (10.0.22621) 64bit Core' Language: 'ko' Physical Memory: 24416 MB
BatchMode: 1, IsHumanControllingUs: 0, StartBugReporterOnCrash: 0, Is64bit: 1, IsPro: 1

COMMAND LINE ARGUMENTS:
C:\Program Files\Unity\Hub\Editor\2021.3.26f1\Editor\Unity.exe
=======
Built from '2021.3/staging' branch; Version is '2021.3.8f1 (b30333d56e81) revision 11731763'; Using compiler version '192829333'; Build Type 'Release'
OS: 'Windows 10  (10.0.19045) 64bit Core' Language: 'ko' Physical Memory: 16145 MB
BatchMode: 1, IsHumanControllingUs: 0, StartBugReporterOnCrash: 0, Is64bit: 1, IsPro: 1

COMMAND LINE ARGUMENTS:
C:\Program Files\Unity\Hub\Editor\2021.3.8f1\Editor\Unity.exe
>>>>>>> Stashed changes
-adb2
-batchMode
-noUpm
-name
AssetImportWorker0
-projectPath
<<<<<<< Updated upstream
C:/Users/82104/RETURN/EsteemMap
-logFile
Logs/AssetImportWorker0.log
-srvPort
14174
Successfully changed project path to: C:/Users/82104/RETURN/EsteemMap
C:/Users/82104/RETURN/EsteemMap
=======
C:/Users/ellie/Documents/GitHub/RETURN/EsteemMap
-logFile
Logs/AssetImportWorker0.log
-srvPort
52475
Successfully changed project path to: C:/Users/ellie/Documents/GitHub/RETURN/EsteemMap
C:/Users/ellie/Documents/GitHub/RETURN/EsteemMap
>>>>>>> Stashed changes
[UnityMemory] Configuration Parameters - Can be set up in boot.config
    "memorysetup-bucket-allocator-granularity=16"
    "memorysetup-bucket-allocator-bucket-count=8"
    "memorysetup-bucket-allocator-block-size=33554432"
    "memorysetup-bucket-allocator-block-count=8"
    "memorysetup-main-allocator-block-size=16777216"
    "memorysetup-thread-allocator-block-size=16777216"
    "memorysetup-gfx-main-allocator-block-size=16777216"
    "memorysetup-gfx-thread-allocator-block-size=16777216"
    "memorysetup-cache-allocator-block-size=4194304"
    "memorysetup-typetree-allocator-block-size=2097152"
    "memorysetup-profiler-bucket-allocator-granularity=16"
    "memorysetup-profiler-bucket-allocator-bucket-count=8"
    "memorysetup-profiler-bucket-allocator-block-size=33554432"
    "memorysetup-profiler-bucket-allocator-block-count=8"
    "memorysetup-profiler-allocator-block-size=16777216"
    "memorysetup-profiler-editor-allocator-block-size=1048576"
    "memorysetup-temp-allocator-size-main=16777216"
    "memorysetup-job-temp-allocator-block-size=2097152"
    "memorysetup-job-temp-allocator-block-size-background=1048576"
    "memorysetup-job-temp-allocator-reduction-small-platforms=262144"
    "memorysetup-temp-allocator-size-background-worker=32768"
    "memorysetup-temp-allocator-size-job-worker=262144"
    "memorysetup-temp-allocator-size-preload-manager=33554432"
    "memorysetup-temp-allocator-size-nav-mesh-worker=65536"
    "memorysetup-temp-allocator-size-audio-worker=65536"
    "memorysetup-temp-allocator-size-cloud-worker=32768"
    "memorysetup-temp-allocator-size-gi-baking-worker=262144"
    "memorysetup-temp-allocator-size-gfx=262144"
<<<<<<< Updated upstream
Player connection [26992] Host "[IP] 192.168.0.164 [Port] 0 [Flags] 2 [Guid] 3091678527 [EditorId] 3091678527 [Version] 1048832 [Id] WindowsEditor(7,DESKTOP-485CGUE) [Debug] 1 [PackageName] WindowsEditor [ProjectName] Editor" joined multi-casting on [225.0.0.222:54997]...

Player connection [26992] Host "[IP] 192.168.0.164 [Port] 0 [Flags] 2 [Guid] 3091678527 [EditorId] 3091678527 [Version] 1048832 [Id] WindowsEditor(7,DESKTOP-485CGUE) [Debug] 1 [PackageName] WindowsEditor [ProjectName] Editor" joined alternative multi-casting on [225.0.0.222:34997]...

Refreshing native plugins compatible for Editor in 108.74 ms, found 3 plugins.
Preloading 0 native plugins for Editor in 0.00 ms.
Initialize engine version: 2021.3.26f1 (a16dc32e0ff2)
[Subsystems] Discovering subsystems at path C:/Program Files/Unity/Hub/Editor/2021.3.26f1/Editor/Data/Resources/UnitySubsystems
[Subsystems] Discovering subsystems at path C:/Users/82104/RETURN/EsteemMap/Assets
GfxDevice: creating device client; threaded=0; jobified=0
Direct3D:
    Version:  Direct3D 11.0 [level 11.1]
    Renderer: NVIDIA GeForce GTX 1650 (ID=0x1f91)
    Vendor:   NVIDIA
    VRAM:     3964 MB
    Driver:   30.0.15.1123
Initialize mono
Mono path[0] = 'C:/Program Files/Unity/Hub/Editor/2021.3.26f1/Editor/Data/Managed'
Mono path[1] = 'C:/Program Files/Unity/Hub/Editor/2021.3.26f1/Editor/Data/MonoBleedingEdge/lib/mono/unityjit-win32'
Mono config path = 'C:/Program Files/Unity/Hub/Editor/2021.3.26f1/Editor/Data/MonoBleedingEdge/etc'
Using monoOptions --debugger-agent=transport=dt_socket,embedding=1,server=y,suspend=n,address=127.0.0.1:56596
Begin MonoManager ReloadAssembly
Registering precompiled unity dll's ...
Register platform support module: C:/Program Files/Unity/Hub/Editor/2021.3.26f1/Editor/Data/PlaybackEngines/AndroidPlayer/UnityEditor.Android.Extensions.dll
Register platform support module: C:/Program Files/Unity/Hub/Editor/2021.3.26f1/Editor/Data/PlaybackEngines/WindowsStandaloneSupport/UnityEditor.WindowsStandalone.Extensions.dll
Registered in 0.018177 seconds.
Native extension for WindowsStandalone target not found
Native extension for Android target not found
Android Extension - Scanning For ADB Devices 3209 ms
Refreshing native plugins compatible for Editor in 177.15 ms, found 3 plugins.
Preloading 0 native plugins for Editor in 0.00 ms.
Mono: successfully reloaded assembly
- Completed reload, in  4.514 seconds
Domain Reload Profiling:
	ReloadAssembly (4515ms)
		BeginReloadAssembly (173ms)
=======
Refreshing native plugins compatible for Editor in 164.34 ms, found 3 plugins.
Preloading 0 native plugins for Editor in 0.00 ms.
Initialize engine version: 2021.3.8f1 (b30333d56e81)
[Subsystems] Discovering subsystems at path C:/Program Files/Unity/Hub/Editor/2021.3.8f1/Editor/Data/Resources/UnitySubsystems
[Subsystems] Discovering subsystems at path C:/Users/ellie/Documents/GitHub/RETURN/EsteemMap/Assets
GfxDevice: creating device client; threaded=0; jobified=0
Direct3D:
    Version:  Direct3D 11.0 [level 11.1]
    Renderer: NVIDIA GeForce MX250 (ID=0x1d13)
    Vendor:   NVIDIA
    VRAM:     1983 MB
    Driver:   26.21.14.4223
Initialize mono
Mono path[0] = 'C:/Program Files/Unity/Hub/Editor/2021.3.8f1/Editor/Data/Managed'
Mono path[1] = 'C:/Program Files/Unity/Hub/Editor/2021.3.8f1/Editor/Data/MonoBleedingEdge/lib/mono/unityjit-win32'
Mono config path = 'C:/Program Files/Unity/Hub/Editor/2021.3.8f1/Editor/Data/MonoBleedingEdge/etc'
Using monoOptions --debugger-agent=transport=dt_socket,embedding=1,server=y,suspend=n,address=127.0.0.1:56456
Begin MonoManager ReloadAssembly
Registering precompiled unity dll's ...
Register platform support module: C:/Program Files/Unity/Hub/Editor/2021.3.8f1/Editor/Data/PlaybackEngines/WebGLSupport/UnityEditor.WebGL.Extensions.dll
Register platform support module: C:/Program Files/Unity/Hub/Editor/2021.3.8f1/Editor/Data/PlaybackEngines/AndroidPlayer/UnityEditor.Android.Extensions.dll
Register platform support module: C:/Program Files/Unity/Hub/Editor/2021.3.8f1/Editor/Data/PlaybackEngines/WindowsStandaloneSupport/UnityEditor.WindowsStandalone.Extensions.dll
Registered in 0.019296 seconds.
Native extension for WindowsStandalone target not found
Native extension for Android target not found
Native extension for WebGL target not found
Refreshing native plugins compatible for Editor in 218.07 ms, found 3 plugins.
Preloading 0 native plugins for Editor in 0.00 ms.
Mono: successfully reloaded assembly
- Completed reload, in  1.856 seconds
Domain Reload Profiling:
	ReloadAssembly (1857ms)
		BeginReloadAssembly (184ms)
>>>>>>> Stashed changes
			ExecutionOrderSort (0ms)
			DisableScriptedObjects (0ms)
			BackupInstance (0ms)
			ReleaseScriptingObjects (0ms)
			CreateAndSetChildDomain (1ms)
<<<<<<< Updated upstream
		EndReloadAssembly (4153ms)
			LoadAssemblies (169ms)
			RebuildTransferFunctionScriptingTraits (0ms)
			SetupTypeCache (196ms)
			ReleaseScriptCaches (0ms)
			RebuildScriptCaches (41ms)
			SetupLoadedEditorAssemblies (3825ms)
				LogAssemblyErrors (0ms)
				InitializePlatformSupportModulesInManaged (3383ms)
				SetLoadedEditorAssemblies (0ms)
				RefreshPlugins (177ms)
				BeforeProcessingInitializeOnLoad (3ms)
				ProcessInitializeOnLoadAttributes (170ms)
				ProcessInitializeOnLoadMethodAttributes (91ms)
=======
		EndReloadAssembly (1359ms)
			LoadAssemblies (183ms)
			RebuildTransferFunctionScriptingTraits (0ms)
			SetupTypeCache (357ms)
			ReleaseScriptCaches (0ms)
			RebuildScriptCaches (88ms)
			SetupLoadedEditorAssemblies (740ms)
				LogAssemblyErrors (0ms)
				InitializePlatformSupportModulesInManaged (199ms)
				SetLoadedEditorAssemblies (1ms)
				RefreshPlugins (218ms)
				BeforeProcessingInitializeOnLoad (3ms)
				ProcessInitializeOnLoadAttributes (238ms)
				ProcessInitializeOnLoadMethodAttributes (81ms)
>>>>>>> Stashed changes
				AfterProcessingInitializeOnLoad (0ms)
				EditorAssembliesLoaded (0ms)
			ExecutionOrderSort2 (0ms)
			AwakeInstancesAfterBackupRestoration (0ms)
Platform modules already initialized, skipping
Registering precompiled user dll's ...
<<<<<<< Updated upstream
Registered in 0.014942 seconds.
Begin MonoManager ReloadAssembly
Symbol file LoadedFromMemory doesn't match image C:\Users\82104\RETURN\EsteemMap\Library\PackageCache\com.unity.visualscripting@1.8.0\Editor\VisualScripting.Core\Dependencies\YamlDotNet\Unity.VisualScripting.YamlDotNet.dll
Symbol file LoadedFromMemory doesn't match image C:\Users\82104\RETURN\EsteemMap\Library\PackageCache\com.unity.visualscripting@1.8.0\Editor\VisualScripting.Core\Dependencies\DotNetZip\Unity.VisualScripting.IonicZip.dll
Native extension for WindowsStandalone target not found
Native extension for Android target not found
Refreshing native plugins compatible for Editor in 0.92 ms, found 3 plugins.
Preloading 0 native plugins for Editor in 0.00 ms.
Mono: successfully reloaded assembly
- Completed reload, in  3.169 seconds
Domain Reload Profiling:
	ReloadAssembly (3171ms)
		BeginReloadAssembly (378ms)
			ExecutionOrderSort (0ms)
			DisableScriptedObjects (15ms)
			BackupInstance (0ms)
			ReleaseScriptingObjects (0ms)
			CreateAndSetChildDomain (50ms)
		EndReloadAssembly (2434ms)
			LoadAssemblies (316ms)
			RebuildTransferFunctionScriptingTraits (0ms)
			SetupTypeCache (691ms)
			ReleaseScriptCaches (1ms)
			RebuildScriptCaches (168ms)
			SetupLoadedEditorAssemblies (1117ms)
				LogAssemblyErrors (0ms)
				InitializePlatformSupportModulesInManaged (75ms)
				SetLoadedEditorAssemblies (1ms)
				RefreshPlugins (1ms)
				BeforeProcessingInitializeOnLoad (211ms)
				ProcessInitializeOnLoadAttributes (733ms)
				ProcessInitializeOnLoadMethodAttributes (60ms)
				AfterProcessingInitializeOnLoad (36ms)
				EditorAssembliesLoaded (0ms)
			ExecutionOrderSort2 (0ms)
			AwakeInstancesAfterBackupRestoration (27ms)
Platform modules already initialized, skipping
========================================================================
Worker process is ready to serve import requests
Launched and connected shader compiler UnityShaderCompiler.exe after 0.11 seconds
Refreshing native plugins compatible for Editor in 2.46 ms, found 3 plugins.
Preloading 0 native plugins for Editor in 0.00 ms.
Unloading 3052 Unused Serialized files (Serialized files now loaded: 0)
Unloading 22 unused Assets / (284.1 KB). Loaded Objects now: 3520.
Memory consumption went from 112.7 MB to 112.4 MB.
Total: 4.375600 ms (FindLiveObjects: 0.440500 ms CreateObjectMapping: 0.377900 ms MarkObjects: 3.454900 ms  DeleteObjects: 0.101000 ms)
=======
Registered in 0.019588 seconds.
Begin MonoManager ReloadAssembly
Symbol file LoadedFromMemory doesn't match image C:\Users\ellie\Documents\GitHub\RETURN\EsteemMap\Library\PackageCache\com.unity.visualscripting@1.8.0\Editor\VisualScripting.Core\Dependencies\YamlDotNet\Unity.VisualScripting.YamlDotNet.dll
Symbol file LoadedFromMemory doesn't match image C:\Users\ellie\Documents\GitHub\RETURN\EsteemMap\Library\PackageCache\com.unity.visualscripting@1.8.0\Editor\VisualScripting.Core\Dependencies\DotNetZip\Unity.VisualScripting.IonicZip.dll
Native extension for WindowsStandalone target not found
Native extension for Android target not found
Native extension for WebGL target not found
Refreshing native plugins compatible for Editor in 0.86 ms, found 3 plugins.
Preloading 0 native plugins for Editor in 0.00 ms.
Mono: successfully reloaded assembly
- Completed reload, in  2.993 seconds
Domain Reload Profiling:
	ReloadAssembly (2995ms)
		BeginReloadAssembly (403ms)
			ExecutionOrderSort (0ms)
			DisableScriptedObjects (9ms)
			BackupInstance (0ms)
			ReleaseScriptingObjects (0ms)
			CreateAndSetChildDomain (169ms)
		EndReloadAssembly (2311ms)
			LoadAssemblies (211ms)
			RebuildTransferFunctionScriptingTraits (0ms)
			SetupTypeCache (752ms)
			ReleaseScriptCaches (2ms)
			RebuildScriptCaches (99ms)
			SetupLoadedEditorAssemblies (1140ms)
				LogAssemblyErrors (0ms)
				InitializePlatformSupportModulesInManaged (62ms)
				SetLoadedEditorAssemblies (1ms)
				RefreshPlugins (1ms)
				BeforeProcessingInitializeOnLoad (269ms)
				ProcessInitializeOnLoadAttributes (723ms)
				ProcessInitializeOnLoadMethodAttributes (55ms)
				AfterProcessingInitializeOnLoad (29ms)
				EditorAssembliesLoaded (0ms)
			ExecutionOrderSort2 (0ms)
			AwakeInstancesAfterBackupRestoration (14ms)
Platform modules already initialized, skipping
========================================================================
Worker process is ready to serve import requests
Launched and connected shader compiler UnityShaderCompiler.exe after 0.06 seconds
Refreshing native plugins compatible for Editor in 0.68 ms, found 3 plugins.
Preloading 0 native plugins for Editor in 0.00 ms.
Unloading 3038 Unused Serialized files (Serialized files now loaded: 0)
Unloading 22 unused Assets / (55.3 KB). Loaded Objects now: 3505.
Memory consumption went from 107.7 MB to 107.7 MB.
Total: 3.218700 ms (FindLiveObjects: 0.217500 ms CreateObjectMapping: 0.123400 ms MarkObjects: 2.775100 ms  DeleteObjects: 0.101600 ms)
>>>>>>> Stashed changes

AssetImportParameters requested are different than current active one (requested -> active):
  custom:video-decoder-ogg-theora: a1e56fd34408186e4bbccfd4996cb3dc -> 
  custom:container-muxer-webm: aa71ff27fc2769a1b78a27578f13a17b -> 
  custom:container-demuxer-webm: 4f35f7cbe854078d1ac9338744f61a02 -> 
  custom:video-encoder-webm-vp8: eb34c28f22e8b96e1ab97ce403110664 -> 
  custom:video-codec-MediaFoundation-h265: 746d11721c4dcdbdad8f713fa42b33f4 -> 
  custom:audio-encoder-webm-vorbis: bf7c407c2cedff20999df2af8eb42d56 -> 
  custom:framework-win-MediaFoundation: 216162199b28c13a410421893ffa2e32 -> 
  custom:container-demuxer-ogg: 62fdf1f143b41e24485cea50d1cbac27 -> 
  custom:video-decoder-webm-vp8: 9c59270c3fd7afecdb556c50c9e8de78 -> 
  custom:audio-decoder-ogg-vorbis: bf7c407c2cedff20999df2af8eb42d56 -> 
========================================================================
Received Import Request.
<<<<<<< Updated upstream
  Time since last request: 33895.542877 seconds.
  path: Assets/Texture
  artifactKey: Guid(920a1158eedd02f47a96ca6bd3705967) Importer(815301076,1909f56bfc062723c751e8b465ee728b)
Start importing Assets/Texture using Guid(920a1158eedd02f47a96ca6bd3705967) Importer(815301076,1909f56bfc062723c751e8b465ee728b)  -> (artifact id: '2137186205fa5993e3b9c9428f9dd12f') in 0.012791 seconds 
========================================================================
Received Import Request.
  Time since last request: 0.000030 seconds.
  path: Assets/Texture/Grid.png
  artifactKey: Guid(1f009089e4c99b84ba389e4cb6f69f69) Importer(815301076,1909f56bfc062723c751e8b465ee728b)
Start importing Assets/Texture/Grid.png using Guid(1f009089e4c99b84ba389e4cb6f69f69) Importer(815301076,1909f56bfc062723c751e8b465ee728b)  -> (artifact id: 'b6583da8f7fcf1e2a0aa2248ad216d12') in 0.190486 seconds 
========================================================================
Received Import Request.
  Time since last request: 0.000030 seconds.
  path: Assets/Texture/Materials/Green2.mat
  artifactKey: Guid(f5aff97a0ac1838449a48b542e540c75) Importer(815301076,1909f56bfc062723c751e8b465ee728b)
Start importing Assets/Texture/Materials/Green2.mat using Guid(f5aff97a0ac1838449a48b542e540c75) Importer(815301076,1909f56bfc062723c751e8b465ee728b)  -> (artifact id: '2a3972d5068b991538289b0539900ff5') in 0.105112 seconds 
========================================================================
Received Import Request.
  Time since last request: 0.000041 seconds.
  path: Assets/Texture/Materials/RedLight 1.mat
  artifactKey: Guid(1be4dd5c55b72df4a87aa54c3afd88cc) Importer(815301076,1909f56bfc062723c751e8b465ee728b)
Start importing Assets/Texture/Materials/RedLight 1.mat using Guid(1be4dd5c55b72df4a87aa54c3afd88cc) Importer(815301076,1909f56bfc062723c751e8b465ee728b)  -> (artifact id: '500d75e74f497ebc2c3a3706af739531') in 0.016147 seconds 
========================================================================
Received Import Request.
  Time since last request: 0.000073 seconds.
  path: Assets/Texture/Materials/Green.mat
  artifactKey: Guid(d1a0d6df5d2829b4e9e53a79f7e99903) Importer(815301076,1909f56bfc062723c751e8b465ee728b)
Start importing Assets/Texture/Materials/Green.mat using Guid(d1a0d6df5d2829b4e9e53a79f7e99903) Importer(815301076,1909f56bfc062723c751e8b465ee728b)  -> (artifact id: '56632ff47666f189ab6a767d747c9301') in 0.020221 seconds 
========================================================================
Received Import Request.
  Time since last request: 0.000030 seconds.
  path: Assets/Texture/Materials/Block.mat
  artifactKey: Guid(fc8d7272b17e51e4daf21e9d80fe690d) Importer(815301076,1909f56bfc062723c751e8b465ee728b)
Start importing Assets/Texture/Materials/Block.mat using Guid(fc8d7272b17e51e4daf21e9d80fe690d) Importer(815301076,1909f56bfc062723c751e8b465ee728b)  -> (artifact id: 'd951253ddfb1f6d663ca52d85ab707a2') in 0.022434 seconds 
========================================================================
Received Import Request.
  Time since last request: 0.000023 seconds.
  path: Assets/Texture/Materials/Grid.mat
  artifactKey: Guid(5f0d9a996b8aa984b8fd61ea86cd8e1a) Importer(815301076,1909f56bfc062723c751e8b465ee728b)
Start importing Assets/Texture/Materials/Grid.mat using Guid(5f0d9a996b8aa984b8fd61ea86cd8e1a) Importer(815301076,1909f56bfc062723c751e8b465ee728b)  -> (artifact id: 'a1441b9a799a7dba5c615dc19881f756') in 0.024258 seconds 
========================================================================
Received Import Request.
  Time since last request: 0.000028 seconds.
  path: Assets/Texture/Materials/Steel 2.mat
  artifactKey: Guid(460aefd8e8be49d488e45f0a09d50720) Importer(815301076,1909f56bfc062723c751e8b465ee728b)
Start importing Assets/Texture/Materials/Steel 2.mat using Guid(460aefd8e8be49d488e45f0a09d50720) Importer(815301076,1909f56bfc062723c751e8b465ee728b)  -> (artifact id: '0ac55bf30985d281c96ebded52a14b78') in 0.022548 seconds 
========================================================================
Received Import Request.
  Time since last request: 0.000027 seconds.
  path: Assets/Texture/Materials/Floor02.mat
  artifactKey: Guid(3d25f841c0329024688d53435173d113) Importer(815301076,1909f56bfc062723c751e8b465ee728b)
Start importing Assets/Texture/Materials/Floor02.mat using Guid(3d25f841c0329024688d53435173d113) Importer(815301076,1909f56bfc062723c751e8b465ee728b)  -> (artifact id: 'ebd5e6c0f21762f9b6c93b987d420183') in 0.022256 seconds 
========================================================================
Received Import Request.
  Time since last request: 0.000023 seconds.
  path: Assets/Texture/Materials/Wood.mat
  artifactKey: Guid(69b13a06bb3f9e640948bd9d8f2ab447) Importer(815301076,1909f56bfc062723c751e8b465ee728b)
Start importing Assets/Texture/Materials/Wood.mat using Guid(69b13a06bb3f9e640948bd9d8f2ab447) Importer(815301076,1909f56bfc062723c751e8b465ee728b)  -> (artifact id: '6efd8bcc01c3bfa146dbc0adde584d0d') in 0.023377 seconds 
========================================================================
Received Import Request.
  Time since last request: 0.000071 seconds.
  path: Assets/Texture/Materials/Floor.mat
  artifactKey: Guid(517ccbbc2c93da544823b293e17bceb7) Importer(815301076,1909f56bfc062723c751e8b465ee728b)
Start importing Assets/Texture/Materials/Floor.mat using Guid(517ccbbc2c93da544823b293e17bceb7) Importer(815301076,1909f56bfc062723c751e8b465ee728b)  -> (artifact id: 'eec6d4ea1019215e326e5c36ac582383') in 0.022006 seconds 
========================================================================
Received Import Request.
  Time since last request: 0.000043 seconds.
  path: Assets/Texture/Materials/GreenLight.mat
  artifactKey: Guid(83ac2d8d464349b43947e64dca3a5176) Importer(815301076,1909f56bfc062723c751e8b465ee728b)
Start importing Assets/Texture/Materials/GreenLight.mat using Guid(83ac2d8d464349b43947e64dca3a5176) Importer(815301076,1909f56bfc062723c751e8b465ee728b)  -> (artifact id: '501c96ba789f0b9d144a1cb3a18d5dba') in 0.022216 seconds 
========================================================================
Received Import Request.
  Time since last request: 0.000029 seconds.
  path: Assets/Texture/Materials
  artifactKey: Guid(d933094a65c63524bbe0e0354ff3146e) Importer(815301076,1909f56bfc062723c751e8b465ee728b)
Start importing Assets/Texture/Materials using Guid(d933094a65c63524bbe0e0354ff3146e) Importer(815301076,1909f56bfc062723c751e8b465ee728b)  -> (artifact id: '0e26e6a464d41f4fecdeec1237b81e4a') in 0.005331 seconds 
========================================================================
Received Import Request.
  Time since last request: 0.000034 seconds.
  path: Assets/Texture/Materials/Dark.mat
  artifactKey: Guid(d9b78eada1005384baa9f3db5d017a6e) Importer(815301076,1909f56bfc062723c751e8b465ee728b)
Start importing Assets/Texture/Materials/Dark.mat using Guid(d9b78eada1005384baa9f3db5d017a6e) Importer(815301076,1909f56bfc062723c751e8b465ee728b)  -> (artifact id: '0b635612a5ea865cbbd522b9a47efcb0') in 0.020741 seconds 
========================================================================
Received Import Request.
  Time since last request: 0.000029 seconds.
  path: Assets/Texture/Materials/LightGreen.mat
  artifactKey: Guid(f01344033792f1845bc17a12cdc006ad) Importer(815301076,1909f56bfc062723c751e8b465ee728b)
Start importing Assets/Texture/Materials/LightGreen.mat using Guid(f01344033792f1845bc17a12cdc006ad) Importer(815301076,1909f56bfc062723c751e8b465ee728b)  -> (artifact id: 'f6b57f7bf1cf65b7b960680816a5e233') in 0.021147 seconds 
========================================================================
Received Import Request.
  Time since last request: 0.000030 seconds.
  path: Assets/Texture/Concrete.jpg
  artifactKey: Guid(d21dfd17c3bc83846b77d99d16b68515) Importer(815301076,1909f56bfc062723c751e8b465ee728b)
Start importing Assets/Texture/Concrete.jpg using Guid(d21dfd17c3bc83846b77d99d16b68515) Importer(815301076,1909f56bfc062723c751e8b465ee728b)  -> (artifact id: '60664946a55e2b5f05ba889e7ada75d1') in 0.036359 seconds 
========================================================================
Received Import Request.
  Time since last request: 0.000036 seconds.
  path: Assets/Texture/Materials/Steel.mat
  artifactKey: Guid(cd5dcb89173329d48b6fe14d9a69b628) Importer(815301076,1909f56bfc062723c751e8b465ee728b)
Start importing Assets/Texture/Materials/Steel.mat using Guid(cd5dcb89173329d48b6fe14d9a69b628) Importer(815301076,1909f56bfc062723c751e8b465ee728b)  -> (artifact id: '87cfab6ba3d91635ee48640c9adc4853') in 0.020860 seconds 
========================================================================
Received Import Request.
  Time since last request: 122.595371 seconds.
  path: Assets/Ob
  artifactKey: Guid(f060b38acec75c640a3cdee9038cf662) Importer(815301076,1909f56bfc062723c751e8b465ee728b)
Start importing Assets/Ob using Guid(f060b38acec75c640a3cdee9038cf662) Importer(815301076,1909f56bfc062723c751e8b465ee728b)  -> (artifact id: '5f1a2eb378415096b2bfe590f57833fc') in 0.004143 seconds 
========================================================================
Received Import Request.
  Time since last request: 0.073030 seconds.
  path: Assets/Ob/MapOb.fbx
  artifactKey: Guid(d64ca780fbdcc5c4e87a52b5baae8bdb) Importer(815301076,1909f56bfc062723c751e8b465ee728b)
Start importing Assets/Ob/MapOb.fbx using Guid(d64ca780fbdcc5c4e87a52b5baae8bdb) Importer(815301076,1909f56bfc062723c751e8b465ee728b)  -> (artifact id: 'faac6378919bb671dcc1daec28ecf443') in 0.689645 seconds 
========================================================================
Received Import Request.
  Time since last request: 28.176025 seconds.
  path: Assets/Ob/character.fbx
  artifactKey: Guid(c8deab5bccf4efe41ab5e67bbd958167) Importer(815301076,1909f56bfc062723c751e8b465ee728b)
Start importing Assets/Ob/character.fbx using Guid(c8deab5bccf4efe41ab5e67bbd958167) Importer(815301076,1909f56bfc062723c751e8b465ee728b)  -> (artifact id: 'a9c48a50778893463e6d1dc996b3e6c2') in 0.272585 seconds 
=======
  Time since last request: 496896.358454 seconds.
  path: Assets/Texture/Grid.png
  artifactKey: Guid(1f009089e4c99b84ba389e4cb6f69f69) Importer(815301076,1909f56bfc062723c751e8b465ee728b)
Start importing Assets/Texture/Grid.png using Guid(1f009089e4c99b84ba389e4cb6f69f69) Importer(815301076,1909f56bfc062723c751e8b465ee728b)  -> (artifact id: '00e67e48733d6dd2f88174efba640bf7') in 0.135525 seconds 
========================================================================
Received Import Request.
  Time since last request: 0.000028 seconds.
  path: Assets/Texture/Materials/RedLight 1.mat
  artifactKey: Guid(1be4dd5c55b72df4a87aa54c3afd88cc) Importer(815301076,1909f56bfc062723c751e8b465ee728b)
Start importing Assets/Texture/Materials/RedLight 1.mat using Guid(1be4dd5c55b72df4a87aa54c3afd88cc) Importer(815301076,1909f56bfc062723c751e8b465ee728b)  -> (artifact id: 'f109cafbeb212876cd1185aa4982b6c4') in 0.149460 seconds 
========================================================================
Received Import Request.
  Time since last request: 0.000028 seconds.
  path: Assets/Texture/Materials/Grid.mat
  artifactKey: Guid(5f0d9a996b8aa984b8fd61ea86cd8e1a) Importer(815301076,1909f56bfc062723c751e8b465ee728b)
Start importing Assets/Texture/Materials/Grid.mat using Guid(5f0d9a996b8aa984b8fd61ea86cd8e1a) Importer(815301076,1909f56bfc062723c751e8b465ee728b)  -> (artifact id: 'b4def004d80b1bc59f0cdbc73fd73930') in 0.028993 seconds 
========================================================================
Received Import Request.
  Time since last request: 0.000043 seconds.
  path: Assets/Texture/Materials/Floor02.mat
  artifactKey: Guid(3d25f841c0329024688d53435173d113) Importer(815301076,1909f56bfc062723c751e8b465ee728b)
Start importing Assets/Texture/Materials/Floor02.mat using Guid(3d25f841c0329024688d53435173d113) Importer(815301076,1909f56bfc062723c751e8b465ee728b)  -> (artifact id: '6ec50c2b183561848f79822cefabc53f') in 0.038183 seconds 
========================================================================
Received Import Request.
  Time since last request: 0.000032 seconds.
  path: Assets/Texture/Materials/Wood.mat
  artifactKey: Guid(69b13a06bb3f9e640948bd9d8f2ab447) Importer(815301076,1909f56bfc062723c751e8b465ee728b)
Start importing Assets/Texture/Materials/Wood.mat using Guid(69b13a06bb3f9e640948bd9d8f2ab447) Importer(815301076,1909f56bfc062723c751e8b465ee728b)  -> (artifact id: '7a0ac5c06481fdcd1a65b42a0bb04b67') in 0.022149 seconds 
========================================================================
Received Import Request.
  Time since last request: 0.000030 seconds.
  path: Assets/Texture/Materials/GreenLight.mat
  artifactKey: Guid(83ac2d8d464349b43947e64dca3a5176) Importer(815301076,1909f56bfc062723c751e8b465ee728b)
Start importing Assets/Texture/Materials/GreenLight.mat using Guid(83ac2d8d464349b43947e64dca3a5176) Importer(815301076,1909f56bfc062723c751e8b465ee728b)  -> (artifact id: 'c26826459b6d7460c9c937d33ce4f3ca') in 0.025517 seconds 
========================================================================
Received Import Request.
  Time since last request: 0.000031 seconds.
  path: Assets/Texture/Concrete.jpg
  artifactKey: Guid(d21dfd17c3bc83846b77d99d16b68515) Importer(815301076,1909f56bfc062723c751e8b465ee728b)
Start importing Assets/Texture/Concrete.jpg using Guid(d21dfd17c3bc83846b77d99d16b68515) Importer(815301076,1909f56bfc062723c751e8b465ee728b)  -> (artifact id: 'b0af5299d2a7e02d85aad4daa107ccad') in 0.030790 seconds 
>>>>>>> Stashed changes
